2021-07-22 14:09:40.083  INFO 8024 --- [main] lavalink.server.Launcher                 : 

[32m       .  [31m _                  _ _       _    [32m__ _ _
[32m      /\\ [31m| | __ ___   ____ _| (_)_ __ | | __[32m\ \ \ \
[32m     ( ( )[31m| |/ _` \ \ / / _` | | | '_ \| |/ /[32m \ \ \ \
[32m      \\/ [31m| | (_| |\ V / (_| | | | | | |   < [32m  ) ) ) )
[32m       '  [31m|_|\__,_| \_/ \__,_|_|_|_| |_|_|\_\[32m / / / /
[0m    =========================================[32m/_/_/_/[0m

	Version:        3.3.2.1
	Build:          1132
	Build time:     28.10.2020 21:44:36 UTC
	Branch          master
	Commit:         833f72e
	Commit time:    28.10.2020 21:39:31 UTC
	JVM:            15.0.2
	Lavaplayer      1.3.53

2021-07-22 14:09:40.238  INFO 8024 --- [main] lavalink.server.Launcher                 : Starting Launcher on DESKTOP-0KNSKOB with PID 8024 (E:\Music Erela\Lavalink.jar started by Piyush in E:\Music Erela)
2021-07-22 14:09:40.239  INFO 8024 --- [main] lavalink.server.Launcher                 : No active profile set, falling back to default profiles: default
2021-07-22 14:09:40.347  WARN 8024 --- [background-preinit] o.s.h.c.j.Jackson2ObjectMapperBuilder    : For Jackson Kotlin classes support please add "com.fasterxml.jackson.module:jackson-module-kotlin" to the classpath
2021-07-22 14:09:41.536  WARN 8024 --- [main] io.undertow.websockets.jsr               : UT026010: Buffer pool was not set on WebSocketDeploymentInfo, the default pool will be used
2021-07-22 14:09:41.557  INFO 8024 --- [main] io.undertow.servlet                      : Initializing Spring embedded WebApplicationContext
2021-07-22 14:09:41.557  INFO 8024 --- [main] o.s.web.context.ContextLoader            : Root WebApplicationContext: initialization completed in 1266 ms
2021-07-22 14:09:41.983  WARN 8024 --- [main] l.server.config.SentryConfiguration      : Turning off sentry
2021-07-22 14:09:43.613  INFO 8024 --- [main] c.s.d.l.tools.GarbageCollectionMonitor   : GC monitoring enabled, reporting results every 2 minutes.
2021-07-22 14:09:44.067  INFO 8024 --- [main] lavalink.server.config.KoeConfiguration  : OS: Windows 10, Arch: amd64
2021-07-22 14:09:44.067  WARN 8024 --- [main] lavalink.server.config.KoeConfiguration  : This system and architecture appears to not support native audio sending! GC pauses may cause your bot to stutter during playback.
2021-07-22 14:09:44.456  INFO 8024 --- [main] o.s.s.concurrent.ThreadPoolTaskExecutor  : Initializing ExecutorService 'applicationTaskExecutor'
2021-07-22 14:09:44.788  INFO 8024 --- [main] org.xnio                                 : XNIO version 3.3.8.Final
2021-07-22 14:09:44.798  INFO 8024 --- [main] org.xnio.nio                             : XNIO NIO Implementation Version 3.3.8.Final
2021-07-22 14:09:44.858  INFO 8024 --- [main] o.s.b.w.e.u.UndertowServletWebServer     : Undertow started on port(s) 2333 (http) with context path ''
2021-07-22 14:09:44.861  INFO 8024 --- [main] lavalink.server.Launcher                 : Started Launcher in 5.453 seconds (JVM running for 6.251)
2021-07-22 14:09:44.863  INFO 8024 --- [main] lavalink.server.Launcher                 : You can safely ignore the big red warning about illegal reflection. See https://github.com/Frederikam/Lavalink/issues/295
2021-07-22 14:09:47.528  INFO 8024 --- [XNIO-1 task-1] io.undertow.servlet                      : Initializing Spring DispatcherServlet 'dispatcherServlet'
2021-07-22 14:09:47.528  INFO 8024 --- [XNIO-1 task-1] o.s.web.servlet.DispatcherServlet        : Initializing Servlet 'dispatcherServlet'
2021-07-22 14:09:47.534  INFO 8024 --- [XNIO-1 task-1] o.s.web.servlet.DispatcherServlet        : Completed initialization in 5 ms
2021-07-22 14:09:47.572  INFO 8024 --- [XNIO-1 task-1] l.server.io.HandshakeInterceptorImpl     : Incoming connection from /127.0.0.1:57491
2021-07-22 14:09:47.741  INFO 8024 --- [XNIO-1 task-1] lavalink.server.io.SocketServer          : Connection successfully established from /127.0.0.1:57491
2021-07-22 14:11:26.836  INFO 8024 --- [XNIO-1 I/O-3] lavalink.server.io.SocketServer          : {"op":"volume","guildId":"742607690160799785","volume":100}
2021-07-22 14:11:26.875  INFO 8024 --- [XNIO-1 task-2] l.server.player.AudioLoaderRestHandler   : Got request to load for identifier "ytsearch:haseeno ka deewana"
2021-07-22 14:11:27.365  INFO 8024 --- [XNIO-1 I/O-3] lavalink.server.io.SocketServer          : {"sessionId":"83bf765595539996790dfcc8acc59de0","op":"voiceUpdate","guildId":"742607690160799785","event":{"token":"67e25881d1803dec","guild_id":"742607690160799785","endpoint":"singapore1926.discord.media:443"}}
2021-07-22 14:11:28.590  INFO 8024 --- [lava-daemon-pool-info-loader-2-thread-1] lavalink.server.player.AudioLoader       : Loaded playlist Search results for: haseeno ka deewana
2021-07-22 14:11:30.256  INFO 8024 --- [XNIO-1 I/O-3] lavalink.server.io.SocketServer          : {"op":"play","guildId":"742607690160799785","track":"QAAAxQIAY0hhc2Vlbm8gS2EgRGVld2FuYSBGdWxsIFZpZGVvIFNvbmcgfCBLYWFiaWwgfCBIcml0aGlrIFJvc2hhbiwgVXJ2YXNoaSBSYXV0ZWxhIHwgUmFmdGFhciAmIFBheWFsIERldgAIVC1TZXJpZXMAAAAAAANu6AALbGR5MTdXMXhpLWMAAQAraHR0cHM6Ly93d3cueW91dHViZS5jb20vd2F0Y2g/dj1sZHkxN1cxeGktYwAHeW91dHViZQAAAAAAAAAA"}
2021-07-22 14:11:37.450  INFO 8024 --- [XNIO-1 I/O-3] lavalink.server.io.SocketServer          : {"op":"pause","guildId":"742607690160799785","pause":true}
2021-07-22 14:11:37.451  INFO 8024 --- [XNIO-1 I/O-3] lavalink.server.io.SocketServer          : {"op":"destroy","guildId":"742607690160799785"}
